{"/Users/jyoti.jena/Documents/Repos/smart-host-app/src/app/store.ts": {"path":"/Users/jyoti.jena/Documents/Repos/smart-host-app/src/app/store.ts","statementMap":{"0":{"start":{"line":1,"column":0},"end":{"line":1,"column":50}},"1":{"start":{"line":2,"column":0},"end":{"line":2,"column":47}},"2":{"start":{"line":4,"column":13},"end":{"line":8,"column":3}}},"fnMap":{},"branchMap":{},"s":{"0":0,"1":0,"2":0},"f":{},"b":{}}
,"/Users/jyoti.jena/Documents/Repos/smart-host-app/src/app/customHooks/useRoomState.ts": {"path":"/Users/jyoti.jena/Documents/Repos/smart-host-app/src/app/customHooks/useRoomState.ts","statementMap":{"0":{"start":{"line":1,"column":0},"end":{"line":1,"column":55}},"1":{"start":{"line":3,"column":0},"end":{"line":3,"column":80}},"2":{"start":{"line":4,"column":0},"end":{"line":4,"column":73}},"3":{"start":{"line":5,"column":0},"end":{"line":5,"column":61}},"4":{"start":{"line":6,"column":0},"end":{"line":6,"column":32}},"5":{"start":{"line":11,"column":28},"end":{"line":26,"column":1}},"6":{"start":{"line":12,"column":21},"end":{"line":12,"column":34}},"7":{"start":{"line":13,"column":51},"end":{"line":13,"column":97}},"8":{"start":{"line":13,"column":85},"end":{"line":13,"column":96}},"9":{"start":{"line":15,"column":22},"end":{"line":17,"column":44}},"10":{"start":{"line":16,"column":8},"end":{"line":16,"column":81}},"11":{"start":{"line":19,"column":4},"end":{"line":25,"column":6}},"12":{"start":{"line":22,"column":46},"end":{"line":22,"column":80}},"13":{"start":{"line":23,"column":46},"end":{"line":23,"column":80}},"14":{"start":{"line":11,"column":13},"end":{"line":11,"column":28}}},"fnMap":{"0":{"name":"(anonymous_0)","decl":{"start":{"line":11,"column":28},"end":{"line":11,"column":31}},"loc":{"start":{"line":11,"column":33},"end":{"line":26,"column":1}}},"1":{"name":"(anonymous_1)","decl":{"start":{"line":13,"column":63},"end":{"line":13,"column":64}},"loc":{"start":{"line":13,"column":85},"end":{"line":13,"column":96}}},"2":{"name":"(anonymous_2)","decl":{"start":{"line":15,"column":30},"end":{"line":15,"column":33}},"loc":{"start":{"line":15,"column":35},"end":{"line":17,"column":5}}},"3":{"name":"(anonymous_3)","decl":{"start":{"line":22,"column":29},"end":{"line":22,"column":30}},"loc":{"start":{"line":22,"column":46},"end":{"line":22,"column":80}}},"4":{"name":"(anonymous_4)","decl":{"start":{"line":23,"column":29},"end":{"line":23,"column":30}},"loc":{"start":{"line":23,"column":46},"end":{"line":23,"column":80}}}},"branchMap":{},"s":{"0":1,"1":1,"2":1,"3":1,"4":1,"5":1,"6":7,"7":7,"8":14,"9":7,"10":7,"11":7,"12":2,"13":2,"14":1},"f":{"0":7,"1":14,"2":7,"3":2,"4":2},"b":{}}
,"/Users/jyoti.jena/Documents/Repos/smart-host-app/src/app/dataUtilities/calculateOccupancy.ts": {"path":"/Users/jyoti.jena/Documents/Repos/smart-host-app/src/app/dataUtilities/calculateOccupancy.ts","statementMap":{"0":{"start":{"line":22,"column":34},"end":{"line":83,"column":1}},"1":{"start":{"line":28,"column":26},"end":{"line":30,"column":30}},"2":{"start":{"line":29,"column":27},"end":{"line":29,"column":39}},"3":{"start":{"line":30,"column":24},"end":{"line":30,"column":29}},"4":{"start":{"line":32,"column":26},"end":{"line":34,"column":30}},"5":{"start":{"line":33,"column":27},"end":{"line":33,"column":38}},"6":{"start":{"line":34,"column":24},"end":{"line":34,"column":29}},"7":{"start":{"line":37,"column":39},"end":{"line":37,"column":79}},"8":{"start":{"line":38,"column":25},"end":{"line":38,"column":90}},"9":{"start":{"line":38,"column":75},"end":{"line":38,"column":86}},"10":{"start":{"line":39,"column":22},"end":{"line":39,"column":55}},"11":{"start":{"line":41,"column":37},"end":{"line":41,"column":67}},"12":{"start":{"line":44,"column":22},"end":{"line":44,"column":23}},"13":{"start":{"line":45,"column":25},"end":{"line":45,"column":26}},"14":{"start":{"line":46,"column":22},"end":{"line":46,"column":23}},"15":{"start":{"line":48,"column":4},"end":{"line":73,"column":5}},"16":{"start":{"line":50,"column":8},"end":{"line":50,"column":43}},"17":{"start":{"line":51,"column":8},"end":{"line":51,"column":78}},"18":{"start":{"line":51,"column":62},"end":{"line":51,"column":73}},"19":{"start":{"line":55,"column":37},"end":{"line":55,"column":80}},"20":{"start":{"line":58,"column":36},"end":{"line":58,"column":80}},"21":{"start":{"line":62,"column":31},"end":{"line":62,"column":85}},"22":{"start":{"line":63,"column":37},"end":{"line":63,"column":88}},"23":{"start":{"line":66,"column":8},"end":{"line":66,"column":45}},"24":{"start":{"line":67,"column":8},"end":{"line":67,"column":80}},"25":{"start":{"line":67,"column":64},"end":{"line":67,"column":75}},"26":{"start":{"line":68,"column":8},"end":{"line":68,"column":44}},"27":{"start":{"line":71,"column":8},"end":{"line":71,"column":50}},"28":{"start":{"line":72,"column":8},"end":{"line":72,"column":85}},"29":{"start":{"line":72,"column":69},"end":{"line":72,"column":80}},"30":{"start":{"line":75,"column":4},"end":{"line":82,"column":6}},"31":{"start":{"line":22,"column":13},"end":{"line":22,"column":34}}},"fnMap":{"0":{"name":"(anonymous_0)","decl":{"start":{"line":22,"column":34},"end":{"line":22,"column":null}},"loc":{"start":{"line":26,"column":21},"end":{"line":83,"column":1}}},"1":{"name":"(anonymous_1)","decl":{"start":{"line":29,"column":16},"end":{"line":29,"column":17}},"loc":{"start":{"line":29,"column":27},"end":{"line":29,"column":39}}},"2":{"name":"(anonymous_2)","decl":{"start":{"line":30,"column":14},"end":{"line":30,"column":15}},"loc":{"start":{"line":30,"column":24},"end":{"line":30,"column":29}}},"3":{"name":"(anonymous_3)","decl":{"start":{"line":33,"column":16},"end":{"line":33,"column":17}},"loc":{"start":{"line":33,"column":27},"end":{"line":33,"column":38}}},"4":{"name":"(anonymous_4)","decl":{"start":{"line":34,"column":14},"end":{"line":34,"column":15}},"loc":{"start":{"line":34,"column":24},"end":{"line":34,"column":29}}},"5":{"name":"(anonymous_5)","decl":{"start":{"line":38,"column":59},"end":{"line":38,"column":60}},"loc":{"start":{"line":38,"column":75},"end":{"line":38,"column":86}}},"6":{"name":"(anonymous_6)","decl":{"start":{"line":51,"column":46},"end":{"line":51,"column":47}},"loc":{"start":{"line":51,"column":62},"end":{"line":51,"column":73}}},"7":{"name":"(anonymous_7)","decl":{"start":{"line":67,"column":48},"end":{"line":67,"column":49}},"loc":{"start":{"line":67,"column":64},"end":{"line":67,"column":75}}},"8":{"name":"(anonymous_8)","decl":{"start":{"line":72,"column":53},"end":{"line":72,"column":54}},"loc":{"start":{"line":72,"column":69},"end":{"line":72,"column":80}}}},"branchMap":{"0":{"loc":{"start":{"line":48,"column":4},"end":{"line":73,"column":5}},"type":"if","locations":[{"start":{"line":48,"column":4},"end":{"line":73,"column":5}},{"start":{"line":52,"column":11},"end":{"line":73,"column":5}}]}},"s":{"0":2,"1":15,"2":126,"3":122,"4":15,"5":126,"6":64,"7":15,"8":15,"9":37,"10":15,"11":15,"12":15,"13":15,"14":15,"15":15,"16":4,"17":4,"18":8,"19":11,"20":11,"21":11,"22":11,"23":11,"24":11,"25":5,"26":11,"27":11,"28":11,"29":9,"30":15,"31":2},"f":{"0":15,"1":126,"2":122,"3":126,"4":64,"5":37,"6":8,"7":5,"8":9},"b":{"0":[4,11]}}
,"/Users/jyoti.jena/Documents/Repos/smart-host-app/src/app/pages/OccupancyDashboard/OccupancyDashboard.styles.tsx": {"path":"/Users/jyoti.jena/Documents/Repos/smart-host-app/src/app/pages/OccupancyDashboard/OccupancyDashboard.styles.tsx","statementMap":{"0":{"start":{"line":4,"column":13},"end":{"line":6,"column":2}}},"fnMap":{},"branchMap":{},"s":{"0":0},"f":{},"b":{}}
,"/Users/jyoti.jena/Documents/Repos/smart-host-app/src/app/pages/OccupancyDashboard/OccupancyDashboard.tsx": {"path":"/Users/jyoti.jena/Documents/Repos/smart-host-app/src/app/pages/OccupancyDashboard/OccupancyDashboard.tsx","statementMap":{"0":{"start":{"line":1,"column":0},"end":{"line":1,"column":26}},"1":{"start":{"line":2,"column":0},"end":{"line":2,"column":36}},"2":{"start":{"line":3,"column":0},"end":{"line":3,"column":52}},"3":{"start":{"line":4,"column":0},"end":{"line":4,"column":62}},"4":{"start":{"line":5,"column":0},"end":{"line":5,"column":92}},"5":{"start":{"line":6,"column":0},"end":{"line":6,"column":74}},"6":{"start":{"line":7,"column":0},"end":{"line":7,"column":77}},"7":{"start":{"line":9,"column":44},"end":{"line":88,"column":1}},"8":{"start":{"line":16,"column":8},"end":{"line":16,"column":22}},"9":{"start":{"line":18,"column":27},"end":{"line":18,"column":62}},"10":{"start":{"line":21,"column":8},"end":{"line":43,"column":null}},"11":{"start":{"line":47,"column":27},"end":{"line":78,"column":null}},"12":{"start":{"line":81,"column":4},"end":{"line":87,"column":6}},"13":{"start":{"line":9,"column":13},"end":{"line":9,"column":44}}},"fnMap":{"0":{"name":"(anonymous_1)","decl":{"start":{"line":9,"column":44},"end":{"line":9,"column":47}},"loc":{"start":{"line":9,"column":49},"end":{"line":88,"column":1}}}},"branchMap":{"0":{"loc":{"start":{"line":47,"column":27},"end":{"line":78,"column":null}},"type":"cond-expr","locations":[{"start":{"line":48,"column":8},"end":{"line":51,"column":null}},{"start":{"line":54,"column":8},"end":{"line":77,"column":null}}]}},"s":{"0":1,"1":1,"2":1,"3":1,"4":1,"5":1,"6":1,"7":1,"8":7,"9":7,"10":7,"11":7,"12":7,"13":1},"f":{"0":7},"b":{"0":[3,4]}}
,"/Users/jyoti.jena/Documents/Repos/smart-host-app/src/app/slices/roomsSlice.ts": {"path":"/Users/jyoti.jena/Documents/Repos/smart-host-app/src/app/slices/roomsSlice.ts","statementMap":{"0":{"start":{"line":1,"column":0},"end":{"line":1,"column":62}},"1":{"start":{"line":8,"column":33},"end":{"line":11,"column":2}},"2":{"start":{"line":13,"column":13},"end":{"line":26,"column":3}},"3":{"start":{"line":19,"column":12},"end":{"line":19,"column":77}},"4":{"start":{"line":23,"column":12},"end":{"line":23,"column":77}},"5":{"start":{"line":28,"column":13},"end":{"line":28,"column":60}},"6":{"start":{"line":30,"column":0},"end":{"line":30,"column":34}}},"fnMap":{"0":{"name":"(anonymous_0)","decl":{"start":{"line":17,"column":29},"end":{"line":17,"column":30}},"loc":{"start":{"line":17,"column":70},"end":{"line":20,"column":9}}},"1":{"name":"(anonymous_1)","decl":{"start":{"line":21,"column":29},"end":{"line":21,"column":30}},"loc":{"start":{"line":21,"column":70},"end":{"line":24,"column":9}}}},"branchMap":{},"s":{"0":1,"1":1,"2":1,"3":2,"4":2,"5":1,"6":1},"f":{"0":2,"1":2},"b":{}}
,"/Users/jyoti.jena/Documents/Repos/smart-host-app/src/app/utilities/currencyFormatter.ts": {"path":"/Users/jyoti.jena/Documents/Repos/smart-host-app/src/app/utilities/currencyFormatter.ts","statementMap":{"0":{"start":{"line":6,"column":30},"end":{"line":8,"column":1}},"1":{"start":{"line":7,"column":4},"end":{"line":7,"column":24}},"2":{"start":{"line":6,"column":13},"end":{"line":6,"column":30}}},"fnMap":{"0":{"name":"(anonymous_0)","decl":{"start":{"line":6,"column":30},"end":{"line":6,"column":31}},"loc":{"start":{"line":6,"column":56},"end":{"line":8,"column":1}}}},"branchMap":{},"s":{"0":2,"1":14,"2":2},"f":{"0":14},"b":{}}
,"/Users/jyoti.jena/Documents/Repos/smart-host-app/src/assignment-input/guestData.ts": {"path":"/Users/jyoti.jena/Documents/Repos/smart-host-app/src/assignment-input/guestData.ts","statementMap":{"0":{"start":{"line":1,"column":13},"end":{"line":1,"column":72}}},"fnMap":{},"branchMap":{},"s":{"0":2},"f":{},"b":{}}
,"/Users/jyoti.jena/Documents/Repos/smart-host-app/src/story/atoms/icon_label/IconLabel.styles.tsx": {"path":"/Users/jyoti.jena/Documents/Repos/smart-host-app/src/story/atoms/icon_label/IconLabel.styles.tsx","statementMap":{"0":{"start":{"line":3,"column":13},"end":{"line":9,"column":2}},"1":{"start":{"line":11,"column":13},"end":{"line":13,"column":2}}},"fnMap":{},"branchMap":{},"s":{"0":3,"1":3},"f":{},"b":{}}
,"/Users/jyoti.jena/Documents/Repos/smart-host-app/src/story/atoms/icon_label/IconLabel.tsx": {"path":"/Users/jyoti.jena/Documents/Repos/smart-host-app/src/story/atoms/icon_label/IconLabel.tsx","statementMap":{"0":{"start":{"line":1,"column":0},"end":{"line":1,"column":43}},"1":{"start":{"line":2,"column":0},"end":{"line":2,"column":48}},"2":{"start":{"line":4,"column":0},"end":{"line":4,"column":65}},"3":{"start":{"line":11,"column":51},"end":{"line":20,"column":1}},"4":{"start":{"line":12,"column":4},"end":{"line":19,"column":6}},"5":{"start":{"line":11,"column":13},"end":{"line":11,"column":51}}},"fnMap":{"0":{"name":"(anonymous_1)","decl":{"start":{"line":11,"column":51},"end":{"line":11,"column":52}},"loc":{"start":{"line":11,"column":77},"end":{"line":20,"column":1}}}},"branchMap":{},"s":{"0":3,"1":3,"2":3,"3":3,"4":17,"5":3},"f":{"0":17},"b":{}}
,"/Users/jyoti.jena/Documents/Repos/smart-host-app/src/story/atoms/number_input/NumberInput.styles.tsx": {"path":"/Users/jyoti.jena/Documents/Repos/smart-host-app/src/story/atoms/number_input/NumberInput.styles.tsx","statementMap":{"0":{"start":{"line":3,"column":13},"end":{"line":12,"column":2}}},"fnMap":{},"branchMap":{},"s":{"0":3},"f":{},"b":{}}
,"/Users/jyoti.jena/Documents/Repos/smart-host-app/src/story/atoms/number_input/NumberInput.tsx": {"path":"/Users/jyoti.jena/Documents/Repos/smart-host-app/src/story/atoms/number_input/NumberInput.tsx","statementMap":{"0":{"start":{"line":2,"column":0},"end":{"line":2,"column":26}},"1":{"start":{"line":3,"column":0},"end":{"line":3,"column":42}},"2":{"start":{"line":4,"column":0},"end":{"line":4,"column":51}},"3":{"start":{"line":15,"column":55},"end":{"line":39,"column":1}},"4":{"start":{"line":23,"column":4},"end":{"line":38,"column":6}},"5":{"start":{"line":29,"column":28},"end":{"line":29,"column":80}},"6":{"start":{"line":30,"column":16},"end":{"line":30,"column":48}},"7":{"start":{"line":15,"column":13},"end":{"line":15,"column":55}}},"fnMap":{"0":{"name":"(anonymous_1)","decl":{"start":{"line":15,"column":55},"end":{"line":15,"column":56}},"loc":{"start":{"line":22,"column":5},"end":{"line":39,"column":1}}},"1":{"name":"(anonymous_2)","decl":{"start":{"line":28,"column":22},"end":{"line":28,"column":23}},"loc":{"start":{"line":28,"column":28},"end":{"line":31,"column":13}}}},"branchMap":{"0":{"loc":{"start":{"line":19,"column":4},"end":{"line":19,"column":11}},"type":"default-arg","locations":[{"start":{"line":19,"column":10},"end":{"line":19,"column":11}}]},"1":{"loc":{"start":{"line":29,"column":28},"end":{"line":29,"column":80}},"type":"cond-expr","locations":[{"start":{"line":29,"column":52},"end":{"line":29,"column":53}},{"start":{"line":29,"column":56},"end":{"line":29,"column":80}}]},"2":{"loc":{"start":{"line":30,"column":25},"end":{"line":30,"column":46}},"type":"cond-expr","locations":[{"start":{"line":30,"column":37},"end":{"line":30,"column":40}},{"start":{"line":30,"column":43},"end":{"line":30,"column":46}}]}},"s":{"0":3,"1":3,"2":3,"3":3,"4":21,"5":8,"6":8,"7":3},"f":{"0":21,"1":8},"b":{"0":[20],"1":[1,7],"2":[1,7]}}
,"/Users/jyoti.jena/Documents/Repos/smart-host-app/src/story/atoms/statistic_item/StatisticItem.styles.tsx": {"path":"/Users/jyoti.jena/Documents/Repos/smart-host-app/src/story/atoms/statistic_item/StatisticItem.styles.tsx","statementMap":{"0":{"start":{"line":3,"column":13},"end":{"line":8,"column":2}},"1":{"start":{"line":10,"column":13},"end":{"line":15,"column":2}},"2":{"start":{"line":17,"column":13},"end":{"line":19,"column":2}}},"fnMap":{},"branchMap":{},"s":{"0":3,"1":3,"2":3},"f":{},"b":{}}
,"/Users/jyoti.jena/Documents/Repos/smart-host-app/src/story/atoms/statistic_item/StatisticItem.tsx": {"path":"/Users/jyoti.jena/Documents/Repos/smart-host-app/src/story/atoms/statistic_item/StatisticItem.tsx","statementMap":{"0":{"start":{"line":1,"column":0},"end":{"line":1,"column":26}},"1":{"start":{"line":2,"column":0},"end":{"line":2,"column":48}},"2":{"start":{"line":3,"column":0},"end":{"line":3,"column":83}},"3":{"start":{"line":12,"column":59},"end":{"line":33,"column":1}},"4":{"start":{"line":18,"column":4},"end":{"line":32,"column":6}},"5":{"start":{"line":12,"column":13},"end":{"line":12,"column":59}}},"fnMap":{"0":{"name":"(anonymous_1)","decl":{"start":{"line":12,"column":59},"end":{"line":12,"column":60}},"loc":{"start":{"line":17,"column":5},"end":{"line":33,"column":1}}}},"branchMap":{},"s":{"0":3,"1":3,"2":3,"3":3,"4":25,"5":3},"f":{"0":25},"b":{}}
,"/Users/jyoti.jena/Documents/Repos/smart-host-app/src/story/molecules/revenue_row/RevenueRow.styles.tsx": {"path":"/Users/jyoti.jena/Documents/Repos/smart-host-app/src/story/molecules/revenue_row/RevenueRow.styles.tsx","statementMap":{"0":{"start":{"line":3,"column":34},"end":{"line":11,"column":2}},"1":{"start":{"line":3,"column":73},"end":{"line":11,"column":2}},"2":{"start":{"line":3,"column":13},"end":{"line":3,"column":34}},"3":{"start":{"line":13,"column":13},"end":{"line":15,"column":2}},"4":{"start":{"line":17,"column":13},"end":{"line":20,"column":2}}},"fnMap":{"0":{"name":"(anonymous_0)","decl":{"start":{"line":3,"column":34},"end":{"line":3,"column":35}},"loc":{"start":{"line":3,"column":73},"end":{"line":11,"column":2}}}},"branchMap":{"0":{"loc":{"start":{"line":9,"column":21},"end":{"line":9,"column":49}},"type":"cond-expr","locations":[{"start":{"line":9,"column":31},"end":{"line":9,"column":40}},{"start":{"line":9,"column":43},"end":{"line":9,"column":49}}]},"1":{"loc":{"start":{"line":10,"column":12},"end":{"line":10,"column":50}},"type":"cond-expr","locations":[{"start":{"line":10,"column":22},"end":{"line":10,"column":41}},{"start":{"line":10,"column":44},"end":{"line":10,"column":50}}]}},"s":{"0":2,"1":14,"2":2,"3":2,"4":2},"f":{"0":14},"b":{"0":[5,9],"1":[5,9]}}
,"/Users/jyoti.jena/Documents/Repos/smart-host-app/src/story/molecules/revenue_row/RevenueRow.tsx": {"path":"/Users/jyoti.jena/Documents/Repos/smart-host-app/src/story/molecules/revenue_row/RevenueRow.tsx","statementMap":{"0":{"start":{"line":1,"column":0},"end":{"line":1,"column":26}},"1":{"start":{"line":2,"column":0},"end":{"line":2,"column":55}},"2":{"start":{"line":3,"column":0},"end":{"line":3,"column":44}},"3":{"start":{"line":4,"column":0},"end":{"line":4,"column":73}},"4":{"start":{"line":5,"column":0},"end":{"line":5,"column":74}},"5":{"start":{"line":6,"column":0},"end":{"line":6,"column":89}},"6":{"start":{"line":19,"column":53},"end":{"line":65,"column":1}},"7":{"start":{"line":29,"column":27},"end":{"line":31,"column":19}},"8":{"start":{"line":33,"column":4},"end":{"line":64,"column":6}},"9":{"start":{"line":19,"column":13},"end":{"line":19,"column":53}}},"fnMap":{"0":{"name":"(anonymous_1)","decl":{"start":{"line":19,"column":53},"end":{"line":19,"column":54}},"loc":{"start":{"line":28,"column":5},"end":{"line":65,"column":1}}}},"branchMap":{"0":{"loc":{"start":{"line":26,"column":4},"end":{"line":26,"column":19}},"type":"default-arg","locations":[{"start":{"line":26,"column":14},"end":{"line":26,"column":19}}]},"1":{"loc":{"start":{"line":27,"column":4},"end":{"line":27,"column":20}},"type":"default-arg","locations":[{"start":{"line":27,"column":19},"end":{"line":27,"column":20}}]},"2":{"loc":{"start":{"line":29,"column":27},"end":{"line":31,"column":19}},"type":"cond-expr","locations":[{"start":{"line":30,"column":10},"end":{"line":30,"column":38}},{"start":{"line":31,"column":10},"end":{"line":31,"column":19}}]},"3":{"loc":{"start":{"line":29,"column":27},"end":{"line":29,"column":76}},"type":"binary-expr","locations":[{"start":{"line":29,"column":27},"end":{"line":29,"column":49}},{"start":{"line":29,"column":53},"end":{"line":29,"column":76}}]},"4":{"loc":{"start":{"line":34,"column":59},"end":{"line":34,"column":74}},"type":"cond-expr","locations":[{"start":{"line":34,"column":69},"end":{"line":34,"column":70}},{"start":{"line":34,"column":73},"end":{"line":34,"column":74}}]},"5":{"loc":{"start":{"line":36,"column":48},"end":{"line":36,"column":83}},"type":"cond-expr","locations":[{"start":{"line":36,"column":58},"end":{"line":36,"column":67}},{"start":{"line":36,"column":70},"end":{"line":36,"column":83}}]},"6":{"loc":{"start":{"line":36,"column":97},"end":{"line":36,"column":116}},"type":"cond-expr","locations":[{"start":{"line":36,"column":107},"end":{"line":36,"column":110}},{"start":{"line":36,"column":113},"end":{"line":36,"column":116}}]},"7":{"loc":{"start":{"line":39,"column":17},"end":{"line":45,"column":null}},"type":"binary-expr","locations":[{"start":{"line":39,"column":17},"end":{"line":39,"column":33}},{"start":{"line":40,"column":20},"end":{"line":44,"column":null}}]},"8":{"loc":{"start":{"line":49,"column":17},"end":{"line":54,"column":null}},"type":"binary-expr","locations":[{"start":{"line":49,"column":17},"end":{"line":49,"column":45}},{"start":{"line":50,"column":20},"end":{"line":53,"column":null}}]}},"s":{"0":2,"1":2,"2":2,"3":2,"4":2,"5":2,"6":2,"7":14,"8":14,"9":2},"f":{"0":14},"b":{"0":[9],"1":[10],"2":[8,6],"3":[14,8],"4":[5,9],"5":[5,9],"6":[5,9],"7":[14,2],"8":[14,9]}}
,"/Users/jyoti.jena/Documents/Repos/smart-host-app/src/story/molecules/room_input/RoomInput.styles.tsx": {"path":"/Users/jyoti.jena/Documents/Repos/smart-host-app/src/story/molecules/room_input/RoomInput.styles.tsx","statementMap":{"0":{"start":{"line":3,"column":13},"end":{"line":8,"column":2}}},"fnMap":{},"branchMap":{},"s":{"0":2},"f":{},"b":{}}
,"/Users/jyoti.jena/Documents/Repos/smart-host-app/src/story/molecules/room_input/RoomInput.tsx": {"path":"/Users/jyoti.jena/Documents/Repos/smart-host-app/src/story/molecules/room_input/RoomInput.tsx","statementMap":{"0":{"start":{"line":1,"column":0},"end":{"line":1,"column":43}},"1":{"start":{"line":2,"column":0},"end":{"line":2,"column":36}},"2":{"start":{"line":4,"column":0},"end":{"line":4,"column":61}},"3":{"start":{"line":5,"column":0},"end":{"line":5,"column":67}},"4":{"start":{"line":6,"column":0},"end":{"line":6,"column":53}},"5":{"start":{"line":17,"column":51},"end":{"line":36,"column":1}},"6":{"start":{"line":24,"column":4},"end":{"line":35,"column":6}},"7":{"start":{"line":17,"column":13},"end":{"line":17,"column":51}}},"fnMap":{"0":{"name":"(anonymous_1)","decl":{"start":{"line":17,"column":51},"end":{"line":17,"column":52}},"loc":{"start":{"line":23,"column":5},"end":{"line":36,"column":1}}}},"branchMap":{},"s":{"0":2,"1":2,"2":2,"3":2,"4":2,"5":2,"6":16,"7":2},"f":{"0":16},"b":{}}
,"/Users/jyoti.jena/Documents/Repos/smart-host-app/src/story/templates/dashboard_layout/DashboardLayout.styles.tsx": {"path":"/Users/jyoti.jena/Documents/Repos/smart-host-app/src/story/templates/dashboard_layout/DashboardLayout.styles.tsx","statementMap":{"0":{"start":{"line":3,"column":13},"end":{"line":5,"column":2}},"1":{"start":{"line":7,"column":13},"end":{"line":10,"column":2}},"2":{"start":{"line":12,"column":13},"end":{"line":14,"column":2}},"3":{"start":{"line":16,"column":13},"end":{"line":21,"column":2}}},"fnMap":{},"branchMap":{},"s":{"0":1,"1":1,"2":1,"3":1},"f":{},"b":{}}
,"/Users/jyoti.jena/Documents/Repos/smart-host-app/src/story/templates/dashboard_layout/DashboardLayout.tsx": {"path":"/Users/jyoti.jena/Documents/Repos/smart-host-app/src/story/templates/dashboard_layout/DashboardLayout.tsx","statementMap":{"0":{"start":{"line":1,"column":0},"end":{"line":1,"column":41}},"1":{"start":{"line":2,"column":0},"end":{"line":2,"column":66}},"2":{"start":{"line":3,"column":0},"end":{"line":3,"column":98}},"3":{"start":{"line":11,"column":63},"end":{"line":35,"column":1}},"4":{"start":{"line":16,"column":4},"end":{"line":34,"column":6}},"5":{"start":{"line":11,"column":13},"end":{"line":11,"column":63}}},"fnMap":{"0":{"name":"(anonymous_1)","decl":{"start":{"line":11,"column":63},"end":{"line":11,"column":64}},"loc":{"start":{"line":15,"column":5},"end":{"line":35,"column":1}}}},"branchMap":{},"s":{"0":1,"1":1,"2":1,"3":1,"4":7,"5":1},"f":{"0":7},"b":{}}
}
