TN:
SF:src/app/store.ts
FNF:0
FNH:0
DA:1,0
DA:2,0
DA:4,0
LF:3
LH:0
BRF:0
BRH:0
end_of_record
TN:
SF:src/app/customHooks/useRoomState.ts
FN:11,(anonymous_0)
FN:13,(anonymous_1)
FN:15,(anonymous_2)
FN:22,(anonymous_3)
FN:23,(anonymous_4)
FNF:5
FNH:5
FNDA:7,(anonymous_0)
FNDA:14,(anonymous_1)
FNDA:7,(anonymous_2)
FNDA:2,(anonymous_3)
FNDA:2,(anonymous_4)
DA:1,1
DA:3,1
DA:4,1
DA:5,1
DA:6,1
DA:11,1
DA:12,7
DA:13,14
DA:15,7
DA:16,7
DA:19,7
DA:22,2
DA:23,2
LF:13
LH:13
BRF:0
BRH:0
end_of_record
TN:
SF:src/app/dataUtilities/calculateOccupancy.ts
FN:22,(anonymous_0)
FN:29,(anonymous_1)
FN:30,(anonymous_2)
FN:33,(anonymous_3)
FN:34,(anonymous_4)
FN:38,(anonymous_5)
FN:51,(anonymous_6)
FN:67,(anonymous_7)
FN:72,(anonymous_8)
FNF:9
FNH:9
FNDA:15,(anonymous_0)
FNDA:126,(anonymous_1)
FNDA:122,(anonymous_2)
FNDA:126,(anonymous_3)
FNDA:64,(anonymous_4)
FNDA:37,(anonymous_5)
FNDA:8,(anonymous_6)
FNDA:5,(anonymous_7)
FNDA:9,(anonymous_8)
DA:22,2
DA:28,15
DA:29,126
DA:30,122
DA:32,15
DA:33,126
DA:34,64
DA:37,15
DA:38,37
DA:39,15
DA:41,15
DA:44,15
DA:45,15
DA:46,15
DA:48,15
DA:50,4
DA:51,8
DA:55,11
DA:58,11
DA:62,11
DA:63,11
DA:66,11
DA:67,11
DA:68,11
DA:71,11
DA:72,11
DA:75,15
LF:27
LH:27
BRDA:48,0,0,4
BRDA:48,0,1,11
BRF:2
BRH:2
end_of_record
TN:
SF:src/app/pages/OccupancyDashboard/OccupancyDashboard.styles.tsx
FNF:0
FNH:0
DA:4,0
LF:1
LH:0
BRF:0
BRH:0
end_of_record
TN:
SF:src/app/pages/OccupancyDashboard/OccupancyDashboard.tsx
FN:9,(anonymous_1)
FNF:1
FNH:1
FNDA:7,(anonymous_1)
DA:1,1
DA:2,1
DA:3,1
DA:4,1
DA:5,1
DA:6,1
DA:7,1
DA:9,1
DA:16,7
DA:18,7
DA:21,7
DA:47,7
DA:81,7
LF:13
LH:13
BRDA:47,0,0,3
BRDA:47,0,1,4
BRF:2
BRH:2
end_of_record
TN:
SF:src/app/slices/roomsSlice.ts
FN:17,(anonymous_0)
FN:21,(anonymous_1)
FNF:2
FNH:2
FNDA:2,(anonymous_0)
FNDA:2,(anonymous_1)
DA:1,1
DA:8,1
DA:13,1
DA:19,2
DA:23,2
DA:28,1
DA:30,1
LF:7
LH:7
BRF:0
BRH:0
end_of_record
TN:
SF:src/app/utilities/currencyFormatter.ts
FN:6,(anonymous_0)
FNF:1
FNH:1
FNDA:14,(anonymous_0)
DA:6,2
DA:7,14
LF:2
LH:2
BRF:0
BRH:0
end_of_record
TN:
SF:src/assignment-input/guestData.ts
FNF:0
FNH:0
DA:1,2
LF:1
LH:1
BRF:0
BRH:0
end_of_record
TN:
SF:src/story/atoms/icon_label/IconLabel.styles.tsx
FNF:0
FNH:0
DA:3,3
DA:11,3
LF:2
LH:2
BRF:0
BRH:0
end_of_record
TN:
SF:src/story/atoms/icon_label/IconLabel.tsx
FN:11,(anonymous_1)
FNF:1
FNH:1
FNDA:17,(anonymous_1)
DA:1,3
DA:2,3
DA:4,3
DA:11,3
DA:12,17
LF:5
LH:5
BRF:0
BRH:0
end_of_record
TN:
SF:src/story/atoms/number_input/NumberInput.styles.tsx
FNF:0
FNH:0
DA:3,3
LF:1
LH:1
BRF:0
BRH:0
end_of_record
TN:
SF:src/story/atoms/number_input/NumberInput.tsx
FN:15,(anonymous_1)
FN:28,(anonymous_2)
FNF:2
FNH:2
FNDA:21,(anonymous_1)
FNDA:8,(anonymous_2)
DA:2,3
DA:3,3
DA:4,3
DA:15,3
DA:23,21
DA:29,8
DA:30,8
LF:7
LH:7
BRDA:19,0,0,20
BRDA:29,1,0,1
BRDA:29,1,1,7
BRDA:30,2,0,1
BRDA:30,2,1,7
BRF:5
BRH:5
end_of_record
TN:
SF:src/story/atoms/statistic_item/StatisticItem.styles.tsx
FNF:0
FNH:0
DA:3,3
DA:10,3
DA:17,3
LF:3
LH:3
BRF:0
BRH:0
end_of_record
TN:
SF:src/story/atoms/statistic_item/StatisticItem.tsx
FN:12,(anonymous_1)
FNF:1
FNH:1
FNDA:25,(anonymous_1)
DA:1,3
DA:2,3
DA:3,3
DA:12,3
DA:18,25
LF:5
LH:5
BRF:0
BRH:0
end_of_record
TN:
SF:src/story/molecules/revenue_row/RevenueRow.styles.tsx
FN:3,(anonymous_0)
FNF:1
FNH:1
FNDA:14,(anonymous_0)
DA:3,14
DA:13,2
DA:17,2
LF:3
LH:3
BRDA:9,0,0,5
BRDA:9,0,1,9
BRDA:10,1,0,5
BRDA:10,1,1,9
BRF:4
BRH:4
end_of_record
TN:
SF:src/story/molecules/revenue_row/RevenueRow.tsx
FN:19,(anonymous_1)
FNF:1
FNH:1
FNDA:14,(anonymous_1)
DA:1,2
DA:2,2
DA:3,2
DA:4,2
DA:5,2
DA:6,2
DA:19,2
DA:29,14
DA:33,14
LF:9
LH:9
BRDA:26,0,0,9
BRDA:27,1,0,10
BRDA:29,2,0,8
BRDA:29,2,1,6
BRDA:29,3,0,14
BRDA:29,3,1,8
BRDA:34,4,0,5
BRDA:34,4,1,9
BRDA:36,5,0,5
BRDA:36,5,1,9
BRDA:36,6,0,5
BRDA:36,6,1,9
BRDA:39,7,0,14
BRDA:39,7,1,2
BRDA:49,8,0,14
BRDA:49,8,1,9
BRF:16
BRH:16
end_of_record
TN:
SF:src/story/molecules/room_input/RoomInput.styles.tsx
FNF:0
FNH:0
DA:3,2
LF:1
LH:1
BRF:0
BRH:0
end_of_record
TN:
SF:src/story/molecules/room_input/RoomInput.tsx
FN:17,(anonymous_1)
FNF:1
FNH:1
FNDA:16,(anonymous_1)
DA:1,2
DA:2,2
DA:4,2
DA:5,2
DA:6,2
DA:17,2
DA:24,16
LF:7
LH:7
BRF:0
BRH:0
end_of_record
TN:
SF:src/story/templates/dashboard_layout/DashboardLayout.styles.tsx
FNF:0
FNH:0
DA:3,1
DA:7,1
DA:12,1
DA:16,1
LF:4
LH:4
BRF:0
BRH:0
end_of_record
TN:
SF:src/story/templates/dashboard_layout/DashboardLayout.tsx
FN:11,(anonymous_1)
FNF:1
FNH:1
FNDA:7,(anonymous_1)
DA:1,1
DA:2,1
DA:3,1
DA:11,1
DA:16,7
LF:5
LH:5
BRF:0
BRH:0
end_of_record
